[main dd05132] .
 3 files changed, 3 insertions(+), 1 deletion(-)
 create mode 100644 log.log
To https://github.com/pnjrmdn/cron_date.git
   aa0515e..dd05132  main -> main
[main 6744cca] .
 2 files changed, 6 insertions(+), 1 deletion(-)
To https://github.com/pnjrmdn/cron_date.git
   dd05132..6744cca  main -> main
[main 28b54b2] .
 2 files changed, 5 insertions(+), 1 deletion(-)
To https://github.com/pnjrmdn/cron_date.git
   6744cca..28b54b2  main -> main
[main 4896398] .
 2 files changed, 5 insertions(+), 1 deletion(-)
To https://github.com/pnjrmdn/cron_date.git
   28b54b2..4896398  main -> main
[main b218078] .
 2 files changed, 5 insertions(+), 1 deletion(-)
To https://github.com/pnjrmdn/cron_date.git
   4896398..b218078  main -> main
[main 41b64a5] .
 2 files changed, 5 insertions(+), 1 deletion(-)
To https://github.com/pnjrmdn/cron_date.git
   b218078..41b64a5  main -> main
[main 948b46b] .
 2 files changed, 5 insertions(+), 1 deletion(-)
To https://github.com/pnjrmdn/cron_date.git
   41b64a5..948b46b  main -> main
[main 6ed3bcd] .
 2 files changed, 5 insertions(+), 1 deletion(-)
To https://github.com/pnjrmdn/cron_date.git
   948b46b..6ed3bcd  main -> main
[main 56ec19d] .
 2 files changed, 5 insertions(+), 1 deletion(-)
To https://github.com/pnjrmdn/cron_date.git
   6ed3bcd..56ec19d  main -> main
